28.03.2020 12:18:55:619		Connect waiter start
28.03.2020 12:18:55:624		TCP Connect waiter start
28.03.2020 12:18:57:307		Person package got
28.03.2020 12:18:57:333		Person package got
28.03.2020 12:18:57:354		Ini package sended
28.03.2020 12:19:16:693		Person list got
28.03.2020 12:19:33:343		Connect waiter start
28.03.2020 12:19:33:351		TCP Connect waiter start
28.03.2020 12:19:34:317		Person package got
28.03.2020 12:19:34:328		Person package got
28.03.2020 12:19:34:362		Ini package sended
28.03.2020 12:20:19:37		Connect waiter start
28.03.2020 12:20:19:49		TCP Connect waiter start
28.03.2020 12:20:20:124		Person package got
28.03.2020 12:20:20:135		Person package got
28.03.2020 12:20:20:165		Ini package sended
28.03.2020 12:20:44:395		Connect waiter start
28.03.2020 12:21:16:538		Connect waiter start
28.03.2020 12:21:21:506		TCP Connect waiter start
28.03.2020 12:21:24:232		Person package got
28.03.2020 12:21:24:244		Person package got
28.03.2020 12:21:24:283		Ini package sended
28.03.2020 12:21:31:987		Addres added
28.03.2020 12:21:32:35		Person list got
28.03.2020 12:21:34:529		Person sended to all users
28.03.2020 12:21:35:344		Person sended to all users
28.03.2020 12:21:35:958		Person sended to all users
28.03.2020 12:21:37:83		Person sended to all users
28.03.2020 12:21:37:391		Person sended to all users
28.03.2020 12:21:37:596		Person sended to all users
28.03.2020 12:21:49:24		Person package got
28.03.2020 12:21:50:270		Person package got
28.03.2020 12:21:51:308		Person package got
28.03.2020 12:21:52:237		Person package got
28.03.2020 12:21:52:585		Person package got
28.03.2020 12:21:53:109		Person package got
28.03.2020 12:21:53:561		Person sended to all users
28.03.2020 12:21:53:563		Person sended to all users
28.03.2020 12:21:53:990		Person package got
28.03.2020 12:21:54:67		Person sended to all users
28.03.2020 12:21:54:687		Person sended to all users
28.03.2020 12:21:54:993		Person sended to all users
28.03.2020 12:21:55:300		Person sended to all users
28.03.2020 12:21:55:505		Person sended to all users
28.03.2020 12:21:55:507		Person sended to all users
28.03.2020 12:21:55:709		Person sended to all users
28.03.2020 12:21:55:914		Person sended to all users
28.03.2020 12:21:56:120		Person sended to all users
28.03.2020 12:21:56:122		Person sended to all users
28.03.2020 12:21:56:324		Person sended to all users
28.03.2020 12:21:56:392		Person sended to all users
28.03.2020 12:21:56:602		Person sended to all users
28.03.2020 12:21:57:40		Person sended to all users
28.03.2020 12:21:57:43		Person sended to all users
28.03.2020 12:21:57:348		Person sended to all users
28.03.2020 12:21:57:351		Person sended to all users
28.03.2020 12:21:57:473		Person package got
28.03.2020 12:21:57:507		Person sended to all users
28.03.2020 12:21:57:572		Person package got
28.03.2020 12:21:57:757		Person sended to all users
28.03.2020 12:21:57:895		Person package got
28.03.2020 12:21:57:979		Person sended to all users
28.03.2020 12:21:58:21		Person package got
28.03.2020 12:21:58:50		Person sended to all users
28.03.2020 12:21:58:196		Person package got
28.03.2020 12:21:58:370		Person sended to all users
28.03.2020 12:21:58:429		Person sended to all users
28.03.2020 12:21:58:436		Person package got
28.03.2020 12:21:58:514		Person package got
28.03.2020 12:21:58:545		Person sended to all users
28.03.2020 12:21:58:692		Person package got
28.03.2020 12:21:58:719		Person sended to all users
28.03.2020 12:21:58:790		Person package got
28.03.2020 12:21:58:940		Person package got
28.03.2020 12:21:58:941		Person sended to all users
28.03.2020 12:21:58:998		Person package got
28.03.2020 12:21:59:39		Person sended to all users
28.03.2020 12:21:59:134		Person sended to all users
28.03.2020 12:21:59:169		Person sended to all users
28.03.2020 12:21:59:187		Person package got
28.03.2020 12:21:59:271		Person sended to all users
28.03.2020 12:21:59:285		Person package got
28.03.2020 12:22:42:409		Connect waiter start
28.03.2020 12:22:42:469		TCP Connect waiter start
28.03.2020 12:22:43:468		Person package got
28.03.2020 12:22:43:478		Person package got
28.03.2020 12:22:43:495		Ini package sended
28.03.2020 12:22:43:535		Addres added
28.03.2020 12:22:46:451		Person list got
28.03.2020 12:22:50:873		Person sended to all users
28.03.2020 12:22:54:227		Person package got
28.03.2020 12:30:11:970		Connect waiter start
28.03.2020 12:30:11:979		TCP Connect waiter start
28.03.2020 12:30:12:964		Person sended to all users
28.03.2020 12:30:17:692		Person sended to all users
28.03.2020 12:30:19:961		Person sended to all users
28.03.2020 12:30:20:322		Person sended to all users
28.03.2020 12:30:21:147		Person sended to all users
28.03.2020 12:30:22:130		Person package got
28.03.2020 12:30:22:141		Person package got
28.03.2020 12:30:22:158		Ini package sended
28.03.2020 12:30:22:220		Addres added
28.03.2020 12:31:18:645		Connect waiter start
28.03.2020 12:31:18:648		TCP Connect waiter start
28.03.2020 12:31:21:328		Person package got
28.03.2020 12:31:21:361		Person package got
28.03.2020 12:31:21:398		Ini package sended
28.03.2020 12:31:21:473		Addres added
28.03.2020 12:31:59:497		Connect waiter start
28.03.2020 12:31:59:508		TCP Connect waiter start
28.03.2020 12:32:01:92		Person sended to all users
28.03.2020 12:32:01:424		Person sended to all users
28.03.2020 12:32:01:598		Person sended to all users
28.03.2020 12:32:01:783		Person sended to all users
28.03.2020 12:32:01:870		Person sended to all users
28.03.2020 12:32:02:43		Person sended to all users
28.03.2020 12:32:02:362		Person package got
28.03.2020 12:32:02:380		Person package got
28.03.2020 12:32:02:413		Addres added
29.03.2020 22:29:07:745		Connect waiter start
29.03.2020 22:29:07:832		TCP Connect waiter start
29.03.2020 22:29:09:387		Connect waiter dispose
29.03.2020 22:29:12:256		Person list got
29.03.2020 22:29:12:324		TCP Connect waiter dispose
29.03.2020 22:31:38:703		Connect waiter start
29.03.2020 22:31:38:713		TCP Connect waiter start
29.03.2020 22:31:42:78		Connect waiter dispose
29.03.2020 22:31:42:86		Person list got
29.03.2020 22:31:42:86		Person list got
29.03.2020 22:34:40:858		Connect waiter start
29.03.2020 22:34:40:920		TCP Connect waiter start
29.03.2020 22:34:43:722		Ini package sended
29.03.2020 22:35:30:686		Ini package sended
29.03.2020 22:35:30:729		Addres added
29.03.2020 22:35:30:733		Person list got
29.03.2020 22:36:06:842		Ini package sended
29.03.2020 22:36:06:845		Person package got
29.03.2020 22:36:19:8		Person sended to all users
29.03.2020 22:36:20:36		Person sended to all users
29.03.2020 22:36:20:603		Person sended to all users
29.03.2020 22:36:21:39		Person sended to all users
29.03.2020 22:36:21:186		Person sended to all users
29.03.2020 22:36:21:287		Person sended to all users
29.03.2020 22:36:21:588		Person sended to all users
29.03.2020 22:36:21:735		Person sended to all users
29.03.2020 22:36:22:0		Person sended to all users
29.03.2020 22:36:22:131		Person sended to all users
29.03.2020 22:36:23:252		Person package got
29.03.2020 22:36:23:851		Person package got
29.03.2020 22:36:24:339		Person package got
29.03.2020 22:36:24:919		Person package got
29.03.2020 22:36:25:113		Person package got
29.03.2020 22:36:25:651		Person package got
29.03.2020 22:36:26:21		Person package got
29.03.2020 22:36:26:586		Person package got
29.03.2020 22:36:26:861		Person package got
29.03.2020 22:36:27:407		Person package got
29.03.2020 22:36:27:946		Person package got
29.03.2020 22:36:28:335		Person package got
29.03.2020 22:36:28:770		Person package got
29.03.2020 22:36:29:491		Person package got
29.03.2020 22:36:48:591		Person sended to all users
29.03.2020 22:36:49:150		Person sended to all users
29.03.2020 22:36:49:351		Person sended to all users
29.03.2020 22:36:49:535		Person sended to all users
29.03.2020 22:36:49:697		Person sended to all users
29.03.2020 22:36:49:761		Person sended to all users
29.03.2020 22:36:49:871		Person sended to all users
29.03.2020 22:36:50:32		Person sended to all users
29.03.2020 22:36:50:40		Person sended to all users
29.03.2020 22:36:50:243		Person sended to all users
29.03.2020 22:36:50:414		Person sended to all users
29.03.2020 22:36:50:417		Person sended to all users
29.03.2020 22:36:50:587		Person sended to all users
29.03.2020 22:36:50:761		Person sended to all users
29.03.2020 22:36:50:763		Person sended to all users
29.03.2020 22:36:50:887		Person sended to all users
29.03.2020 22:36:55:661		Person package got
29.03.2020 22:36:56:574		Person package got
29.03.2020 22:36:57:128		Person package got
29.03.2020 22:36:57:322		Person package got
29.03.2020 22:37:25:780		Connect waiter dispose
29.03.2020 22:37:26:869		Error in TCP Connect waiter disposing
29.03.2020 22:39:20:83		Connect waiter start
29.03.2020 22:39:20:139		TCP Connect waiter start
29.03.2020 22:39:26:359		Connect waiter dispose
29.03.2020 22:39:26:363		Person list got
29.03.2020 22:39:26:363		Person list got
29.03.2020 22:39:29:416		Connect waiter start
29.03.2020 22:39:29:526		TCP Connect waiter start
29.03.2020 22:42:11:427		Connect waiter dispose
29.03.2020 22:42:11:436		Person list got
29.03.2020 22:42:11:445		TCP Connect waiter dispose
29.03.2020 22:42:21:920		Connect waiter start
29.03.2020 22:42:21:924		TCP Connect waiter start
29.03.2020 22:42:41:299		Connect waiter dispose
29.03.2020 22:42:41:304		Person list got
29.03.2020 22:42:41:321		TCP Connect waiter dispose
29.03.2020 22:49:50:308		Connect waiter start
29.03.2020 22:49:50:386		TCP Connect waiter start
29.03.2020 22:49:52:211		Person package got
29.03.2020 22:49:52:238		Ini package sended
29.03.2020 22:50:28:317		Person sended to all users
29.03.2020 22:50:28:473		Person sended to all users
29.03.2020 22:50:28:690		Person sended to all users
29.03.2020 22:50:28:763		Person sended to all users
29.03.2020 22:50:28:912		Person sended to all users
29.03.2020 22:50:29:72		Person sended to all users
29.03.2020 22:50:32:542		Ini package sended
29.03.2020 22:50:32:589		Person package got
29.03.2020 22:51:11:161		Ini package sended
29.03.2020 22:51:11:211		Addres added
29.03.2020 22:51:11:212		Person list got
29.03.2020 22:51:21:66		Ini package sended
29.03.2020 22:51:21:68		Person package got
29.03.2020 22:53:59:14		Connect waiter start
29.03.2020 22:53:59:85		TCP Connect waiter start
29.03.2020 22:54:10:284		Connect waiter dispose
29.03.2020 22:54:10:288		Person list got
29.03.2020 22:54:10:296		TCP Connect waiter dispose
29.03.2020 22:55:58:404		Connect waiter start
29.03.2020 22:55:58:417		TCP Connect waiter start
29.03.2020 22:56:01:503		Ini package sended
29.03.2020 22:56:01:507		Person package got
29.03.2020 22:56:01:539		Addres added
29.03.2020 22:56:01:540		Person list got
29.03.2020 22:56:08:869		Person package got
29.03.2020 22:56:11:521		Person package got
29.03.2020 22:56:12:655		Person package got
29.03.2020 22:56:13:442		Person package got
29.03.2020 22:56:13:824		Person package got
29.03.2020 22:56:14:346		Person package got
29.03.2020 22:56:15:17		Person package got
29.03.2020 22:56:15:222		Person package got
29.03.2020 22:56:15:822		Person package got
29.03.2020 22:56:15:903		Person package got
29.03.2020 22:56:16:204		Person package got
29.03.2020 22:56:16:598		Person package got
29.03.2020 22:56:20:11		Person sended to all users
29.03.2020 22:56:20:465		Person sended to all users
29.03.2020 22:56:20:840		Person sended to all users
29.03.2020 22:56:21:134		Person sended to all users
29.03.2020 22:56:21:409		Person sended to all users
29.03.2020 22:56:21:668		Person sended to all users
29.03.2020 22:56:21:796		Person sended to all users
29.03.2020 22:56:22:96		Person sended to all users
29.03.2020 22:56:22:452		Person sended to all users
29.03.2020 22:56:22:636		Person sended to all users
29.03.2020 22:56:22:758		Person sended to all users
29.03.2020 22:57:59:951		Connect waiter start
29.03.2020 22:58:00:60		TCP Connect waiter start
29.03.2020 22:58:02:795		Connect waiter dispose
29.03.2020 22:58:02:882		Person list got
29.03.2020 22:59:10:309		Connect waiter start
29.03.2020 22:59:10:360		TCP Connect waiter start
29.03.2020 22:59:37:699		Person package got
29.03.2020 22:59:40:889		Addres added
29.03.2020 23:00:20:420		Ini package sended
29.03.2020 23:00:20:425		Person package got
29.03.2020 23:00:32:537		Person sended to all users
29.03.2020 23:00:37:423		Person sended to all users
29.03.2020 23:00:37:946		Person sended to all users
29.03.2020 23:00:38:102		Person sended to all users
29.03.2020 23:00:38:399		Person sended to all users
29.03.2020 23:00:38:619		Person sended to all users
29.03.2020 23:00:38:986		Person sended to all users
29.03.2020 23:00:39:158		Person sended to all users
29.03.2020 23:00:39:270		Person sended to all users
29.03.2020 23:00:39:334		Person sended to all users
29.03.2020 23:00:39:485		Person sended to all users
29.03.2020 23:00:39:590		Person sended to all users
29.03.2020 23:00:39:599		Person sended to all users
29.03.2020 23:01:18:282		Ini package sended
29.03.2020 23:01:18:283		Person package got
29.03.2020 23:01:41:469		Person package got
29.03.2020 23:01:41:472		Addres added
29.03.2020 23:01:50:904		Ini package sended
29.03.2020 23:01:50:907		Person package got
29.03.2020 23:02:12:488		Person sended to all users
29.03.2020 23:02:13:520		Person sended to all users
29.03.2020 23:02:14:81		Person sended to all users
29.03.2020 23:02:14:402		Person sended to all users
29.03.2020 23:02:14:662		Person sended to all users
29.03.2020 23:02:15:5		Person sended to all users
29.03.2020 23:02:15:412		Person sended to all users
29.03.2020 23:02:15:423		Person sended to all users
30.03.2020 10:48:31:357		Connect waiter start
30.03.2020 10:48:31:469		TCP Connect waiter start
30.03.2020 10:55:31:869		Connect waiter start
30.03.2020 10:55:31:876		TCP Connect waiter start
30.03.2020 10:55:36:304		Connect waiter dispose
30.03.2020 10:55:36:314		Person list got
30.03.2020 10:55:36:323		TCP Connect waiter dispose
30.03.2020 10:56:54:414		Connect waiter start
30.03.2020 10:56:54:448		TCP Connect waiter start
30.03.2020 10:56:57:900		Connect waiter start
30.03.2020 10:56:57:906		TCP Connect waiter start
30.03.2020 10:57:00:11		Person sended to all users
30.03.2020 10:57:21:994		Connect waiter dispose
30.03.2020 10:57:21:997		Person list got
30.03.2020 10:57:22:19		TCP Connect waiter dispose
30.03.2020 10:57:27:221		Connect waiter start
30.03.2020 10:57:27:229		TCP Connect waiter start
30.03.2020 10:57:29:166		Connect waiter start
30.03.2020 10:57:29:210		TCP Connect waiter start
30.03.2020 11:13:07:931		Connect waiter start
30.03.2020 11:13:08:163		TCP Connect waiter start
30.03.2020 11:13:08:955		Person sended to all users
30.03.2020 11:13:09:190		Person sended to all users
30.03.2020 11:13:09:512		Person sended to all users
30.03.2020 11:30:42:791		Connect waiter start
30.03.2020 11:30:42:899		TCP Connect waiter start
30.03.2020 11:30:45:170		Connect waiter dispose
30.03.2020 11:30:45:307		Person list got
30.03.2020 11:30:45:372		TCP Connect waiter dispose
30.03.2020 11:31:52:658		Connect waiter start
30.03.2020 11:31:52:680		TCP Connect waiter start
30.03.2020 11:31:58:817		Sended ip:110.160.51.62
30.03.2020 11:31:58:892		Ini package sended
30.03.2020 11:33:18:629		Connect waiter start
30.03.2020 11:33:18:632		TCP Connect waiter start
30.03.2020 11:33:22:616		Sended ip:110.160.51.62
30.03.2020 11:33:22:874		Ini package sended
30.03.2020 11:34:08:99		Person sended to all users
30.03.2020 11:34:09:545		Sended ip:110.160.51.62
30.03.2020 11:34:23:65		Connect waiter start
30.03.2020 11:34:23:124		TCP Connect waiter start
30.03.2020 11:36:03:553		Person sended to all users
30.03.2020 11:36:04:283		Person sended to all users
30.03.2020 11:36:05:295		Person sended to all users
30.03.2020 11:36:05:754		Person sended to all users
30.03.2020 11:36:06:65		Person sended to all users
30.03.2020 11:36:06:869		Person sended to all users
30.03.2020 11:36:07:829		Person sended to all users
30.03.2020 11:36:08:838		Person sended to all users
30.03.2020 11:36:09:834		Person sended to all users
30.03.2020 11:36:10:947		Person sended to all users
30.03.2020 11:36:11:521		Person sended to all users
30.03.2020 11:36:12:188		Person sended to all users
30.03.2020 11:36:12:714		Person sended to all users
30.03.2020 11:36:27:327		Connect waiter start
30.03.2020 11:36:27:356		TCP Connect waiter start
30.03.2020 11:36:28:544		Person sended to all users
30.03.2020 11:36:29:186		Person sended to all users
30.03.2020 11:36:30:243		Person sended to all users
30.03.2020 11:36:30:631		Person sended to all users
30.03.2020 11:36:30:979		Person sended to all users
30.03.2020 11:36:31:987		Person sended to all users
30.03.2020 11:36:32:493		Person sended to all users
30.03.2020 11:36:33:81		Person sended to all users
30.03.2020 11:36:33:582		Person sended to all users
30.03.2020 11:36:33:618		Person sended to all users
30.03.2020 11:36:33:653		Person sended to all users
30.03.2020 11:36:33:687		Person sended to all users
30.03.2020 11:36:33:721		Person sended to all users
30.03.2020 11:36:33:738		Person sended to all users
30.03.2020 11:36:33:772		Person sended to all users
30.03.2020 11:36:33:809		Person sended to all users
30.03.2020 11:36:33:844		Person sended to all users
30.03.2020 11:36:33:879		Person sended to all users
30.03.2020 11:36:33:908		Person sended to all users
30.03.2020 11:36:33:939		Person sended to all users
30.03.2020 11:36:33:974		Person sended to all users
30.03.2020 11:36:33:999		Person sended to all users
30.03.2020 11:36:34:34		Person sended to all users
30.03.2020 11:36:34:66		Person sended to all users
30.03.2020 11:36:34:107		Person sended to all users
30.03.2020 11:36:34:509		Person sended to all users
30.03.2020 11:36:34:737		Person sended to all users
30.03.2020 11:36:35:239		Person sended to all users
30.03.2020 11:36:38:205		Connect waiter dispose
30.03.2020 11:47:22:443		Connect waiter start
30.03.2020 11:47:22:554		TCP Connect waiter start
30.03.2020 12:05:27:560		Connect waiter start
30.03.2020 12:05:27:866		TCP Connect waiter start
30.03.2020 13:39:32:851		Connect waiter start
30.03.2020 13:39:32:895		TCP Connect waiter start
30.03.2020 13:39:34:445		Person sended to all users
30.03.2020 13:39:34:901		Person sended to all users
30.03.2020 13:39:36:99		Person sended to all users
30.03.2020 13:39:36:751		Person sended to all users
30.03.2020 13:39:37:571		Person sended to all users
30.03.2020 13:39:38:248		Person sended to all users
30.03.2020 13:39:39:217		Person sended to all users
30.03.2020 13:39:40:1		Person sended to all users
30.03.2020 13:39:41:262		Person sended to all users
30.03.2020 13:39:42:188		Person sended to all users
30.03.2020 13:39:43:421		Person sended to all users
30.03.2020 13:39:43:633		Person sended to all users
30.03.2020 13:39:45:787		Person sended to all users
30.03.2020 13:39:46:311		Person sended to all users
30.03.2020 13:39:47:168		Person sended to all users
30.03.2020 13:39:48:62		Person sended to all users
30.03.2020 13:39:49:23		Person sended to all users
30.03.2020 13:39:49:432		Person sended to all users
31.03.2020 10:17:50:812		Connect waiter start
31.03.2020 10:17:50:815		TCP Connect waiter start
31.03.2020 10:18:08:422		Connect waiter start
31.03.2020 10:18:08:426		TCP Connect waiter start
31.03.2020 10:45:25:362		Connect waiter start
31.03.2020 10:45:25:371		TCP Connect waiter start
31.03.2020 10:45:28:334		Person sended to all users
31.03.2020 10:45:28:604		Person sended to all users
31.03.2020 10:45:30:988		Person sended to all users
31.03.2020 10:45:31:251		Person sended to all users
31.03.2020 10:45:31:656		Person sended to all users
31.03.2020 10:45:32:371		Person sended to all users
31.03.2020 10:45:32:670		Person sended to all users
31.03.2020 10:45:33:187		Person sended to all users
31.03.2020 10:45:33:573		Person sended to all users
31.03.2020 10:45:34:467		Person sended to all users
31.03.2020 10:45:35:319		Person sended to all users
31.03.2020 10:45:36:181		Person sended to all users
31.03.2020 10:45:37:802		Person sended to all users
31.03.2020 10:45:38:429		Person sended to all users
31.03.2020 10:45:39:298		Person sended to all users
31.03.2020 10:45:39:939		Person sended to all users
31.03.2020 10:45:40:139		Person sended to all users
31.03.2020 10:45:41:217		Person sended to all users
31.03.2020 10:45:42:792		Person sended to all users
31.03.2020 10:45:46:672		Person sended to all users
31.03.2020 10:45:47:292		Person sended to all users
31.03.2020 10:45:47:776		Person sended to all users
31.03.2020 10:45:48:436		Person sended to all users
31.03.2020 10:45:49:259		Person sended to all users
31.03.2020 10:45:49:796		Person sended to all users
31.03.2020 10:45:50:618		Person sended to all users
31.03.2020 10:45:51:888		Person sended to all users
31.03.2020 10:48:03:597		Connect waiter start
31.03.2020 10:48:03:669		TCP Connect waiter start
31.03.2020 10:48:04:497		Person sended to all users
31.03.2020 10:48:04:996		Person sended to all users
31.03.2020 10:48:16:72		Connect waiter start
31.03.2020 10:48:16:193		TCP Connect waiter start
31.03.2020 10:48:17:7		Person sended to all users
31.03.2020 10:48:17:420		Person sended to all users
31.03.2020 10:48:19:856		Person sended to all users
31.03.2020 10:48:20:362		Person sended to all users
31.03.2020 10:48:21:551		Person sended to all users
31.03.2020 10:48:21:773		Person sended to all users
31.03.2020 10:48:22:788		Person sended to all users
31.03.2020 10:48:38:124		Connect waiter start
31.03.2020 10:48:38:180		TCP Connect waiter start
31.03.2020 10:48:38:844		Person sended to all users
31.03.2020 10:48:39:242		Person sended to all users
31.03.2020 10:48:46:366		Person sended to all users
31.03.2020 10:48:47:437		Person sended to all users
31.03.2020 10:48:47:883		Person sended to all users
31.03.2020 10:48:49:194		Person sended to all users
31.03.2020 10:48:50:80		Person sended to all users
31.03.2020 10:48:50:519		Person sended to all users
31.03.2020 10:48:53:630		Person sended to all users
31.03.2020 10:48:54:332		Person sended to all users
31.03.2020 10:48:54:524		Person sended to all users
31.03.2020 10:48:54:713		Person sended to all users
31.03.2020 10:48:55:208		Person sended to all users
31.03.2020 10:48:55:387		Person sended to all users
31.03.2020 10:48:57:237		Person sended to all users
31.03.2020 10:48:57:535		Person sended to all users
31.03.2020 10:48:57:793		Person sended to all users
31.03.2020 10:48:57:930		Person sended to all users
31.03.2020 10:49:25:232		Connect waiter start
31.03.2020 10:49:25:236		TCP Connect waiter start
31.03.2020 10:49:26:391		Person sended to all users
31.03.2020 10:49:26:699		Person sended to all users
31.03.2020 10:49:27:296		Person sended to all users
31.03.2020 10:49:31:240		Person sended to all users
31.03.2020 10:49:31:549		Person sended to all users
31.03.2020 10:49:46:943		Connect waiter start
31.03.2020 10:49:46:947		TCP Connect waiter start
31.03.2020 10:49:48:536		Person sended to all users
31.03.2020 10:49:48:607		Person sended to all users
31.03.2020 10:49:49:440		Person sended to all users
31.03.2020 10:49:50:175		Person sended to all users
31.03.2020 10:49:50:510		Person sended to all users
31.03.2020 10:49:51:32		Person sended to all users
31.03.2020 10:50:07:967		Connect waiter dispose
31.03.2020 10:50:08:2		TCP Connect waiter dispose
31.03.2020 10:53:28:168		Connect waiter start
31.03.2020 10:53:28:184		TCP Connect waiter start
31.03.2020 10:53:31:42		Person sended to all users
31.03.2020 10:53:31:403		Person sended to all users
31.03.2020 10:53:35:517		Person sended to all users
31.03.2020 10:53:35:868		Person sended to all users
31.03.2020 10:53:36:348		Person sended to all users
31.03.2020 10:53:36:735		Person sended to all users
31.03.2020 10:53:37:63		Person sended to all users
31.03.2020 10:53:37:440		Person sended to all users
31.03.2020 10:53:38:425		Person sended to all users
31.03.2020 10:53:38:760		Person sended to all users
31.03.2020 10:53:38:971		Person sended to all users
31.03.2020 10:53:39:119		Person sended to all users
31.03.2020 10:53:39:751		Person sended to all users
31.03.2020 10:53:40:136		Person sended to all users
31.03.2020 10:53:40:725		Person sended to all users
31.03.2020 10:53:41:96		Person sended to all users
31.03.2020 10:53:41:610		Person sended to all users
31.03.2020 10:53:42:50		Person sended to all users
31.03.2020 10:53:43:134		Person sended to all users
31.03.2020 10:53:43:537		Person sended to all users
31.03.2020 10:53:44:205		Person sended to all users
31.03.2020 10:53:44:814		Person sended to all users
31.03.2020 10:53:46:145		Person sended to all users
31.03.2020 10:53:48:421		Person sended to all users
31.03.2020 10:53:49:595		Person sended to all users
31.03.2020 10:53:51:283		Person sended to all users
31.03.2020 10:53:52:95		Person sended to all users
31.03.2020 10:53:54:352		Person sended to all users
31.03.2020 10:53:54:815		Person sended to all users
31.03.2020 10:53:55:390		Person sended to all users
31.03.2020 10:53:56:309		Person sended to all users
31.03.2020 10:53:59:446		Person sended to all users
31.03.2020 10:54:00:387		Person sended to all users
31.03.2020 10:54:00:804		Person sended to all users
31.03.2020 10:54:01:130		Person sended to all users
05.04.2020 20:14:52:667		Connect waiter start
05.04.2020 20:14:52:670		TCP Connect waiter start
05.04.2020 20:14:55:113		Connect waiter dispose
05.04.2020 20:14:55:118		Person list got
05.04.2020 20:14:55:125		TCP Connect waiter dispose
05.04.2020 20:31:14:667		Connect waiter start
05.04.2020 20:31:14:671		TCP Connect waiter start
05.04.2020 20:31:18:110		Person sended to all users
05.04.2020 20:31:18:640		Person sended to all users
05.04.2020 20:31:18:783		Person sended to all users
05.04.2020 20:31:18:951		Person sended to all users
05.04.2020 20:31:19:115		Person sended to all users
05.04.2020 20:31:19:139		Person sended to all users
05.04.2020 20:31:19:325		Person sended to all users
05.04.2020 20:31:19:462		Person sended to all users
05.04.2020 20:31:19:556		Person sended to all users
05.04.2020 20:31:19:707		Person sended to all users
05.04.2020 20:31:19:938		Person sended to all users
05.04.2020 20:31:20:105		Person sended to all users
05.04.2020 20:31:20:265		Person sended to all users
05.04.2020 20:31:20:417		Person sended to all users
05.04.2020 20:31:20:569		Person sended to all users
05.04.2020 20:31:20:723		Person sended to all users
05.04.2020 20:31:20:890		Person sended to all users
05.04.2020 20:31:21:17		Person sended to all users
05.04.2020 20:31:21:219		Person sended to all users
05.04.2020 20:31:21:332		Person sended to all users
05.04.2020 20:31:21:528		Person sended to all users
05.04.2020 20:31:21:807		Person sended to all users
05.04.2020 20:31:22:154		Person sended to all users
05.04.2020 20:31:22:323		Person sended to all users
05.04.2020 20:31:22:627		Person sended to all users
05.04.2020 20:31:22:779		Person sended to all users
05.04.2020 20:31:23:92		Person sended to all users
05.04.2020 20:31:23:511		Person sended to all users
05.04.2020 20:31:23:861		Person sended to all users
05.04.2020 20:31:24:12		Person sended to all users
05.04.2020 20:31:24:288		Person sended to all users
05.04.2020 20:31:24:501		Person sended to all users
05.04.2020 20:31:24:766		Person sended to all users
05.04.2020 20:31:24:904		Person sended to all users
05.04.2020 20:31:25:210		Person sended to all users
05.04.2020 20:31:25:449		Person sended to all users
05.04.2020 20:32:18:662		Sended ip:192.168.1.2
05.04.2020 20:33:17:526		Connect waiter start
05.04.2020 20:33:17:531		TCP Connect waiter start
05.04.2020 20:33:18:721		Sended ip:192.168.1.2
05.04.2020 20:34:02:682		Connect waiter start
05.04.2020 20:34:02:685		TCP Connect waiter start
05.04.2020 20:34:05:856		Sended ip:192.168.1.2
05.04.2020 20:35:22:133		Connect waiter start
05.04.2020 20:35:22:136		TCP Connect waiter start
05.04.2020 20:35:59:963		Sended ip:192.168.1.2
05.04.2020 20:36:26:367		Connect waiter start
05.04.2020 20:36:26:370		TCP Connect waiter start
05.04.2020 20:36:29:617		Person sended to all users
05.04.2020 20:36:29:783		Person sended to all users
05.04.2020 20:36:30:27		Person sended to all users
05.04.2020 20:36:30:141		Person sended to all users
05.04.2020 20:36:30:232		Person sended to all users
05.04.2020 20:36:30:427		Person sended to all users
05.04.2020 20:36:30:844		Connect waiter dispose
05.04.2020 20:36:30:849		Person list got
05.04.2020 20:36:30:855		TCP Connect waiter dispose
05.04.2020 20:36:32:957		Connect waiter start
05.04.2020 20:36:32:960		TCP Connect waiter start
05.04.2020 20:36:34:114		Sended ip:192.168.1.2
05.04.2020 20:36:34:123		Person package got
05.04.2020 20:36:34:148		Ini package sended
05.04.2020 20:36:34:166		Addres added
05.04.2020 20:36:34:167		Addres added
05.04.2020 20:36:34:168		Person list got
05.04.2020 20:37:06:140		Connect waiter start
05.04.2020 20:37:06:145		TCP Connect waiter start
05.04.2020 20:37:08:324		Sended ip:192.168.1.2
05.04.2020 20:37:08:331		Person package got
05.04.2020 20:37:08:351		Ini package sended
05.04.2020 20:37:08:390		Addres added
05.04.2020 20:37:08:391		Addres added
05.04.2020 20:37:08:392		Person list got
05.04.2020 20:37:16:9		Person sended to all users
05.04.2020 20:37:16:631		Person sended to all users
05.04.2020 20:37:16:793		Person sended to all users
05.04.2020 20:37:16:966		Person sended to all users
05.04.2020 20:37:17:107		Person sended to all users
05.04.2020 20:37:17:317		Person sended to all users
05.04.2020 20:37:17:461		Person sended to all users
05.04.2020 20:37:17:687		Person sended to all users
05.04.2020 20:37:17:816		Person sended to all users
05.04.2020 20:37:18:282		Person sended to all users
05.04.2020 20:37:18:716		Person sended to all users
05.04.2020 20:37:18:816		Person sended to all users
05.04.2020 20:37:19:199		Person sended to all users
05.04.2020 20:37:19:308		Person sended to all users
05.04.2020 20:37:30:859		Person sended to all users
05.04.2020 20:37:31:310		Person sended to all users
05.04.2020 20:37:31:495		Person sended to all users
05.04.2020 20:37:31:917		Person sended to all users
05.04.2020 20:37:32:46		Person sended to all users
05.04.2020 20:37:32:212		Person sended to all users
05.04.2020 20:37:32:391		Person sended to all users
05.04.2020 20:37:32:604		Person sended to all users
05.04.2020 20:37:32:680		Person sended to all users
05.04.2020 20:37:33:55		Person sended to all users
05.04.2020 20:37:33:91		Person sended to all users
05.04.2020 20:37:33:543		Person sended to all users
05.04.2020 20:37:34:43		Person sended to all users
05.04.2020 20:37:34:76		Person sended to all users
05.04.2020 20:37:34:113		Person sended to all users
05.04.2020 20:37:36:430		Person package got
05.04.2020 20:37:36:816		Person package got
05.04.2020 20:37:37:219		Person package got
05.04.2020 20:37:37:368		Person package got
05.04.2020 20:37:37:609		Person package got
05.04.2020 20:37:37:743		Person package got
05.04.2020 20:37:37:883		Person package got
05.04.2020 20:37:38:217		Person package got
05.04.2020 20:37:39:256		Bullet package got
06.04.2020 12:22:10:603		Connect waiter start
06.04.2020 12:22:10:606		TCP Connect waiter start
06.04.2020 12:31:42:985		Sended ip:192.168.1.2
06.04.2020 12:31:42:993		Person package got
06.04.2020 12:31:43:14		Ini package sended
06.04.2020 12:31:43:145		Addres added
06.04.2020 12:31:43:146		Addres added
06.04.2020 12:31:43:146		Person list got
06.04.2020 12:31:51:670		Person sended to all users
06.04.2020 12:31:51:932		Person sended to all users
06.04.2020 12:31:52:186		Person sended to all users
06.04.2020 12:31:52:357		Person sended to all users
06.04.2020 12:31:52:559		Person sended to all users
06.04.2020 12:31:53:17		Person sended to all users
06.04.2020 12:31:53:321		Person sended to all users
06.04.2020 12:31:53:712		Person sended to all users
06.04.2020 12:31:53:892		Person sended to all users
06.04.2020 12:32:15:719		Person sended to all users
06.04.2020 12:32:15:986		Person sended to all users
06.04.2020 12:32:16:158		Person sended to all users
06.04.2020 12:32:16:331		Person sended to all users
06.04.2020 12:32:16:429		Person sended to all users
06.04.2020 12:32:17:130		Person package got
06.04.2020 12:32:17:246		Person package got
06.04.2020 12:32:17:331		Person package got
06.04.2020 12:32:17:554		Person package got
06.04.2020 12:32:17:631		Person package got
06.04.2020 12:32:17:805		Person package got
06.04.2020 12:32:17:890		Person package got
06.04.2020 12:32:18:35		Person package got
06.04.2020 12:32:18:111		Person package got
06.04.2020 12:32:47:318		Bullet package got
06.04.2020 12:37:42:958		Connect waiter start
06.04.2020 12:37:42:961		TCP Connect waiter start
06.04.2020 12:38:49:242		Connect waiter start
06.04.2020 12:38:49:245		TCP Connect waiter start
06.04.2020 12:39:05:317		Sended ip:192.168.1.2
06.04.2020 12:39:05:326		Person package got
06.04.2020 12:39:13:297		Addres added
06.04.2020 12:39:14:267		Addres added
06.04.2020 12:39:15:45		Person list got
06.04.2020 12:39:15:59		Ini package sended
06.04.2020 12:39:27:215		Person package got
06.04.2020 12:39:33:212		Bullet package got
06.04.2020 12:40:00:363		Connect waiter start
06.04.2020 12:40:00:368		TCP Connect waiter start
06.04.2020 12:40:04:33		Sended ip:192.168.1.2
06.04.2020 12:40:04:42		Person package got
06.04.2020 12:40:05:893		Addres added
06.04.2020 12:40:08:57		Addres added
06.04.2020 12:40:08:914		Person list got
06.04.2020 12:40:08:925		Ini package sended
06.04.2020 12:40:38:195		Connect waiter start
06.04.2020 12:40:38:230		TCP Connect waiter start
06.04.2020 12:40:39:416		Sended ip:192.168.1.2
06.04.2020 12:40:44:670		Person package got
06.04.2020 12:40:53:173		Addres added
06.04.2020 12:40:53:174		Addres added
06.04.2020 12:40:53:176		Person list got
06.04.2020 12:40:53:184		Ini package sended
06.04.2020 12:41:00:10		Bullet package got
06.04.2020 12:41:05:257		Connect waiter start
06.04.2020 12:41:05:268		TCP Connect waiter start
06.04.2020 12:41:08:194		Sended ip:192.168.1.2
06.04.2020 12:41:13:841		Person package got
06.04.2020 12:41:13:847		Addres added
06.04.2020 12:41:13:849		Addres added
06.04.2020 12:41:13:849		Person list got
06.04.2020 12:41:13:864		Ini package sended
06.04.2020 12:41:28:93		Connect waiter start
06.04.2020 12:41:28:96		TCP Connect waiter start
06.04.2020 12:43:12:338		Person package got
06.04.2020 12:43:12:342		Sended ip:192.168.1.2
06.04.2020 12:43:12:343		Person list sended
06.04.2020 12:43:12:355		Addres added
06.04.2020 12:43:16:654		Person package got
06.04.2020 12:43:17:407		Person package got
06.04.2020 12:43:17:702		Person package got
06.04.2020 12:43:17:847		Person package got
06.04.2020 12:43:18:13		Person package got
06.04.2020 12:43:18:387		Person package got
06.04.2020 12:43:18:509		Person package got
06.04.2020 12:43:18:833		Person package got
06.04.2020 12:43:19:72		Person package got
06.04.2020 12:43:19:491		Person package got
06.04.2020 12:43:19:687		Person package got
06.04.2020 12:43:19:820		Person package got
06.04.2020 12:43:20:115		Person package got
06.04.2020 12:43:20:365		Person package got
06.04.2020 12:43:20:563		Person package got
06.04.2020 12:43:20:682		Person package got
06.04.2020 12:43:25:815		Person package got
06.04.2020 12:43:41:887		Bullet package got
06.04.2020 12:43:49:885		Bullet package got
06.04.2020 12:43:50:740		Bullet package got
06.04.2020 12:43:52:710		Bullet package got
06.04.2020 12:43:53:879		Bullet package got
06.04.2020 12:43:56:8		Person sended to all users
06.04.2020 12:43:56:267		Person sended to all users
06.04.2020 12:43:58:442		Person package got
06.04.2020 12:43:58:726		Person package got
06.04.2020 12:43:59:13		Person package got
06.04.2020 12:44:02:51		Bullet package got
06.04.2020 12:44:08:95		Bullet package got
06.04.2020 12:44:12:27		Person sended to all users
06.04.2020 12:44:12:249		Person sended to all users
06.04.2020 12:44:12:452		Person sended to all users
06.04.2020 12:44:14:155		Person sended to all users
06.04.2020 12:44:40:902		Connect waiter start
06.04.2020 12:44:40:906		TCP Connect waiter start
06.04.2020 12:44:48:92		Person package got
06.04.2020 12:44:48:93		Addres added
06.04.2020 12:44:48:98		Sended ip:192.168.1.2
06.04.2020 12:44:48:108		Person list sended
06.04.2020 12:44:50:891		Bullet package got
06.04.2020 12:44:56:11		Bullet package got
06.04.2020 12:44:57:382		Bullet package got
06.04.2020 12:44:58:833		Bullet package got
06.04.2020 12:44:59:238		Bullet package got
06.04.2020 12:44:59:642		Bullet package got
06.04.2020 12:45:00:231		Bullet package got
06.04.2020 12:45:00:572		Bullet package got
06.04.2020 12:45:00:937		Bullet package got
06.04.2020 12:45:01:255		Bullet package got
06.04.2020 12:45:01:828		Bullet package got
06.04.2020 12:45:05:218		Bullet package got
06.04.2020 12:45:09:95		Bullet package got
06.04.2020 13:12:20:0		Connect waiter start
06.04.2020 13:12:21:4		TCP Connect waiter start
07.04.2020 21:35:45:144		Connect waiter start
07.04.2020 21:35:45:151		TCP Connect waiter start
07.04.2020 21:39:17:339		Person sended to all users
07.04.2020 21:39:17:692		Person sended to all users
07.04.2020 21:39:17:931		Person sended to all users
07.04.2020 21:39:18:594		Sended ip:192.168.1.2
07.04.2020 21:39:18:605		Person package got
07.04.2020 21:39:18:627		Ini package sended
07.04.2020 21:39:18:645		Addres added
07.04.2020 21:39:18:645		Addres added
07.04.2020 21:39:18:646		Person list got
07.04.2020 21:39:39:241		Person sended to all users
07.04.2020 21:39:39:408		Person sended to all users
07.04.2020 21:39:39:683		Person sended to all users
07.04.2020 21:39:39:760		Person sended to all users
07.04.2020 21:39:39:967		Person sended to all users
07.04.2020 21:39:40:217		Person sended to all users
07.04.2020 21:39:40:278		Person sended to all users
07.04.2020 21:39:40:430		Person sended to all users
07.04.2020 21:39:40:649		Person sended to all users
07.04.2020 21:39:40:735		Person sended to all users
07.04.2020 21:39:40:992		Person sended to all users
07.04.2020 21:39:41:467		Person sended to all users
07.04.2020 21:39:41:667		Person sended to all users
07.04.2020 21:39:42:105		Person sended to all users
07.04.2020 21:39:42:316		Person sended to all users
07.04.2020 21:39:42:441		Person sended to all users
07.04.2020 21:39:42:744		Person sended to all users
07.04.2020 21:39:42:940		Person sended to all users
07.04.2020 21:39:43:158		Person sended to all users
07.04.2020 21:39:43:348		Person sended to all users
07.04.2020 21:39:43:569		Person sended to all users
07.04.2020 21:39:44:109		Person sended to all users
07.04.2020 21:39:44:969		Person sended to all users
07.04.2020 21:39:45:643		Person sended to all users
07.04.2020 21:39:46:594		Person sended to all users
07.04.2020 21:39:47:307		Person sended to all users
07.04.2020 21:39:47:999		Person sended to all users
07.04.2020 21:39:48:669		Person sended to all users
07.04.2020 21:39:49:124		Person sended to all users
07.04.2020 21:39:49:599		Person sended to all users
07.04.2020 21:39:49:815		Person sended to all users
07.04.2020 21:39:50:124		Person sended to all users
07.04.2020 21:39:50:444		Person sended to all users
07.04.2020 21:39:50:893		Person sended to all users
07.04.2020 21:39:51:136		Person sended to all users
07.04.2020 21:39:51:330		Person sended to all users
07.04.2020 21:42:15:970		Connect waiter start
07.04.2020 21:42:15:975		TCP Connect waiter start
07.04.2020 21:42:21:811		Sended ip:192.168.1.2
07.04.2020 21:42:21:821		Person package got
07.04.2020 21:42:21:844		Addres added
07.04.2020 21:42:21:845		Addres added
07.04.2020 21:42:21:846		Person list got
07.04.2020 21:42:21:848		Ini package sended
07.04.2020 21:42:23:280		Person sended to all users
07.04.2020 21:42:27:611		Person sended to all users
07.04.2020 21:42:27:807		Person sended to all users
07.04.2020 21:42:28:23		Person sended to all users
07.04.2020 21:42:28:274		Person sended to all users
07.04.2020 21:42:28:548		Person sended to all users
07.04.2020 21:42:28:821		Person sended to all users
07.04.2020 21:42:29:83		Person sended to all users
07.04.2020 21:42:30:438		Person package got
07.04.2020 21:42:30:870		Person package got
07.04.2020 21:42:30:921		Person package got
07.04.2020 21:42:31:138		Person package got
07.04.2020 21:42:31:424		Person package got
07.04.2020 21:42:31:776		Person package got
07.04.2020 21:42:32:81		Person package got
07.04.2020 21:42:32:111		Person package got
07.04.2020 21:42:32:477		Person sended to all users
07.04.2020 21:42:33:332		Person sended to all users
07.04.2020 21:42:33:823		Person sended to all users
07.04.2020 21:42:34:6		Person sended to all users
07.04.2020 21:42:34:393		Person sended to all users
07.04.2020 21:42:35:279		Person sended to all users
07.04.2020 21:42:35:759		Person sended to all users
07.04.2020 21:42:35:981		Person sended to all users
07.04.2020 21:42:36:183		Person sended to all users
07.04.2020 21:42:36:438		Person sended to all users
07.04.2020 21:42:36:645		Person sended to all users
07.04.2020 21:42:36:872		Person sended to all users
07.04.2020 21:42:37:110		Person sended to all users
07.04.2020 21:42:37:337		Person sended to all users
07.04.2020 21:42:37:547		Person sended to all users
07.04.2020 21:42:38:161		Person sended to all users
07.04.2020 21:42:38:446		Person sended to all users
07.04.2020 21:42:38:667		Person sended to all users
07.04.2020 21:42:38:963		Person sended to all users
07.04.2020 21:42:39:233		Person sended to all users
07.04.2020 21:42:39:463		Person sended to all users
07.04.2020 21:42:40:130		Person package got
07.04.2020 21:42:40:136		Bullet package got
07.04.2020 21:42:41:235		Person package got
07.04.2020 21:42:43:799		Person package got
07.04.2020 21:42:44:514		Person package got
07.04.2020 21:43:00:207		Person package got
07.04.2020 21:43:06:635		Person sended to all users
07.04.2020 21:43:07:87		Person sended to all users
07.04.2020 21:43:07:626		Person sended to all users
07.04.2020 21:43:07:893		Person sended to all users
07.04.2020 21:43:08:276		Person sended to all users
07.04.2020 21:43:16:245		Person package got
07.04.2020 21:43:17:95		Person package got
07.04.2020 21:43:17:375		Person package got
07.04.2020 21:43:17:646		Person package got
07.04.2020 21:43:17:815		Person package got
07.04.2020 21:43:17:820		Bullet package got
07.04.2020 21:43:56:546		Connect waiter start
07.04.2020 21:43:56:550		TCP Connect waiter start
07.04.2020 21:44:03:758		Sended ip:192.168.1.2
07.04.2020 21:44:03:769		Person package got
07.04.2020 21:44:03:792		Ini package sended
07.04.2020 21:44:03:933		Addres added
07.04.2020 21:44:03:934		Addres added
07.04.2020 21:44:03:935		Addres added
07.04.2020 21:44:03:935		Person list got
07.04.2020 21:44:18:216		Connect waiter start
07.04.2020 21:44:18:224		TCP Connect waiter start
07.04.2020 21:44:30:97		Person package got
07.04.2020 21:44:30:99		Addres added
07.04.2020 21:44:30:134		Sended ip:192.168.1.2
07.04.2020 21:44:30:135		Person list sended
07.04.2020 21:44:32:340		Person sended to all users
07.04.2020 21:44:34:27		Person sended to all users
07.04.2020 21:44:34:215		Person sended to all users
07.04.2020 21:44:34:392		Person sended to all users
07.04.2020 21:44:34:563		Person sended to all users
07.04.2020 21:44:34:630		Person sended to all users
07.04.2020 21:44:34:833		Person sended to all users
07.04.2020 21:44:34:997		Person sended to all users
07.04.2020 21:44:35:163		Person sended to all users
07.04.2020 21:44:35:210		Person sended to all users
07.04.2020 21:44:36:690		Person package got
07.04.2020 21:44:36:698		Bullet package got
07.04.2020 21:45:42:366		Person package got
07.04.2020 21:45:46:88		Person package got
07.04.2020 21:45:46:94		Bullet package got
07.04.2020 21:45:48:722		Person package got
07.04.2020 21:45:52:548		Person package got
07.04.2020 21:45:55:193		Person package got
07.04.2020 21:45:57:424		Person package got
07.04.2020 21:46:00:329		Person package got
07.04.2020 21:46:02:787		Person package got
07.04.2020 21:46:03:402		Person package got
07.04.2020 21:46:04:88		Person package got
07.04.2020 21:46:05:492		Person package got
07.04.2020 21:46:06:334		Person package got
07.04.2020 21:46:07:73		Person package got
07.04.2020 21:46:07:78		Bullet package got
07.04.2020 21:46:07:421		Person package got
07.04.2020 21:46:07:429		Bullet package got
07.04.2020 21:46:07:875		Person package got
07.04.2020 21:46:08:229		Person package got
07.04.2020 21:46:08:235		Bullet package got
07.04.2020 21:46:08:733		Person package got
07.04.2020 21:46:09:127		Person package got
07.04.2020 21:46:09:133		Bullet package got
07.04.2020 21:46:12:278		Person package got
07.04.2020 21:46:38:653		Person package got
07.04.2020 21:46:55:516		Person package got
07.04.2020 21:46:59:423		Person package got
07.04.2020 21:47:00:688		Person package got
07.04.2020 21:47:01:768		Person package got
07.04.2020 21:47:03:171		Person package got
07.04.2020 21:47:04:233		Person package got
07.04.2020 21:47:05:54		Person package got
07.04.2020 21:47:05:779		Person package got
07.04.2020 21:47:06:429		Person package got
07.04.2020 21:47:07:920		Person package got
07.04.2020 21:47:33:320		Person package got
07.04.2020 21:47:34:281		Person package got
07.04.2020 21:47:35:522		Person package got
07.04.2020 21:47:36:816		Person package got
07.04.2020 21:47:37:375		Person package got
07.04.2020 21:47:37:597		Person package got
07.04.2020 21:47:37:848		Person package got
07.04.2020 21:47:38:31		Person package got
07.04.2020 21:47:39:67		Person package got
07.04.2020 21:47:39:336		Person package got
07.04.2020 21:47:39:482		Person package got
07.04.2020 21:47:39:856		Person package got
07.04.2020 21:47:40:172		Person package got
07.04.2020 21:47:40:519		Person package got
07.04.2020 21:47:40:815		Person package got
07.04.2020 21:47:44:906		Person package got
07.04.2020 21:47:44:931		Bullet package got
07.04.2020 21:47:45:258		Person package got
07.04.2020 21:47:45:537		Person package got
07.04.2020 21:47:45:832		Person package got
07.04.2020 21:47:46:387		Person package got
07.04.2020 21:47:46:819		Person package got
07.04.2020 21:47:47:313		Person package got
07.04.2020 21:48:17:871		Person package got
07.04.2020 21:48:18:883		Person package got
07.04.2020 21:48:19:717		Person package got
07.04.2020 21:48:21:726		Person package got
07.04.2020 21:48:22:241		Person package got
07.04.2020 21:48:31:889		Person package got
07.04.2020 21:48:33:197		Person package got
07.04.2020 21:48:33:480		Person package got
07.04.2020 21:48:33:767		Person package got
07.04.2020 21:48:34:145		Person package got
07.04.2020 21:48:34:405		Person package got
07.04.2020 21:48:34:668		Person package got
07.04.2020 21:49:08:272		Person sended to all users
07.04.2020 21:49:10:258		Person sended to all users
07.04.2020 21:49:21:754		Connect waiter start
07.04.2020 21:49:21:792		TCP Connect waiter start
07.04.2020 21:51:13:693		Connect waiter start
07.04.2020 21:51:13:696		TCP Connect waiter start
07.04.2020 21:51:15:970		Person sended to all users
07.04.2020 21:51:18:365		Person sended to all users
07.04.2020 21:51:19:341		Person sended to all users
07.04.2020 21:51:20:26		Person sended to all users
07.04.2020 21:51:21:78		Person sended to all users
07.04.2020 21:51:34:968		Connect waiter dispose
07.04.2020 21:51:34:972		Person list got
07.04.2020 21:51:34:979		TCP Connect waiter dispose
07.04.2020 21:52:06:669		Connect waiter start
07.04.2020 21:52:06:672		TCP Connect waiter start
07.04.2020 21:52:19:911		Person sended to all users
07.04.2020 21:52:20:682		Sended ip:192.168.1.2
07.04.2020 21:52:20:693		Person package got
07.04.2020 21:52:20:717		Ini package sended
07.04.2020 21:52:20:884		Addres added
07.04.2020 21:52:20:890		Addres added
07.04.2020 21:52:20:894		Person list got
07.04.2020 21:52:35:42		Person package got
07.04.2020 21:52:35:64		Bullet package got
07.04.2020 21:52:45:589		Person package got
07.04.2020 21:52:45:608		Bullet package got
07.04.2020 21:53:51:549		Connect waiter start
07.04.2020 21:53:51:552		TCP Connect waiter start
07.04.2020 21:53:53:422		Sended ip:192.168.1.2
07.04.2020 21:53:53:432		Person package got
07.04.2020 21:53:53:455		Ini package sended
07.04.2020 21:55:26:531		Connect waiter start
07.04.2020 21:55:26:535		TCP Connect waiter start
07.04.2020 21:55:38:802		Sended ip:192.168.1.2
07.04.2020 21:55:38:811		Person package got
07.04.2020 21:55:38:840		Ini package sended
07.04.2020 22:03:42:920		Connect waiter start
07.04.2020 22:03:42:924		TCP Connect waiter start
07.04.2020 22:03:48:581		Person package got
07.04.2020 22:03:48:608		Bullet package got
07.04.2020 22:03:58:114		Person package got
07.04.2020 22:03:58:137		Bullet package got
07.04.2020 22:03:59:902		Person package got
07.04.2020 22:03:59:924		Bullet package got
07.04.2020 22:04:01:543		Person package got
07.04.2020 22:04:01:562		Bullet package got
07.04.2020 22:04:03:704		Person package got
07.04.2020 22:04:04:710		Person package got
07.04.2020 22:04:06:487		Person package got
07.04.2020 22:04:06:520		Bullet package got
07.04.2020 22:07:26:301		Connect waiter start
07.04.2020 22:07:26:326		TCP Connect waiter start
07.04.2020 22:07:31:475		Person sended to all users
07.04.2020 22:07:32:630		Person sended to all users
07.04.2020 22:07:33:317		Person sended to all users
07.04.2020 22:07:33:654		Person sended to all users
07.04.2020 22:07:33:869		Person sended to all users
07.04.2020 22:07:34:123		Person sended to all users
07.04.2020 22:07:34:382		Person sended to all users
07.04.2020 22:07:34:608		Person sended to all users
07.04.2020 22:07:34:795		Person sended to all users
07.04.2020 22:07:37:35		Sended ip:192.168.1.2
07.04.2020 22:07:37:46		Person package got
07.04.2020 22:07:37:80		Ini package sended
07.04.2020 22:07:39:550		Addres added
07.04.2020 22:07:39:559		Addres added
07.04.2020 22:07:39:569		Person list got
07.04.2020 22:07:46:542		Person sended to all users
07.04.2020 22:07:47:458		Person sended to all users
07.04.2020 22:07:47:716		Person sended to all users
07.04.2020 22:07:47:971		Person sended to all users
07.04.2020 22:07:50:325		Person package got
07.04.2020 22:07:50:341		Bullet package got
07.04.2020 22:07:51:385		Person package got
07.04.2020 22:07:51:414		Bullet package got
07.04.2020 22:07:52:465		Person package got
07.04.2020 22:07:52:731		Person package got
07.04.2020 22:07:54:392		Person package got
07.04.2020 22:07:54:415		Bullet package got
07.04.2020 22:07:56:931		Person package got
07.04.2020 22:07:56:951		Bullet package got
07.04.2020 22:07:59:367		Person sended to all users
07.04.2020 22:07:59:700		Person sended to all users
07.04.2020 22:07:59:776		Person sended to all users
07.04.2020 22:08:00:42		Person sended to all users
07.04.2020 22:08:00:276		Person sended to all users
07.04.2020 22:08:00:439		Person sended to all users
07.04.2020 22:08:00:770		Person sended to all users
07.04.2020 22:08:01:4		Person sended to all users
07.04.2020 22:08:01:143		Person sended to all users
07.04.2020 22:08:01:501		Person sended to all users
07.04.2020 22:08:02:128		Person sended to all users
07.04.2020 22:08:03:395		Person sended to all users
07.04.2020 22:08:03:462		Person sended to all users
07.04.2020 22:08:03:842		Person sended to all users
07.04.2020 22:08:04:175		Person sended to all users
07.04.2020 22:08:04:370		Person sended to all users
07.04.2020 22:08:04:576		Person sended to all users
07.04.2020 22:08:04:747		Person sended to all users
07.04.2020 22:08:04:898		Person sended to all users
07.04.2020 22:08:05:256		Person sended to all users
07.04.2020 22:08:05:541		Person sended to all users
07.04.2020 22:08:05:716		Person sended to all users
07.04.2020 22:08:05:858		Person sended to all users
07.04.2020 22:08:07:707		Person package got
07.04.2020 22:08:07:924		Person package got
07.04.2020 22:08:08:69		Person package got
07.04.2020 22:08:08:170		Person package got
07.04.2020 22:08:09:191		Person package got
07.04.2020 22:08:09:216		Bullet package got
07.04.2020 22:08:15:478		Person sended to all users
07.04.2020 22:10:56:212		Connect waiter start
07.04.2020 22:10:56:215		TCP Connect waiter start
07.04.2020 22:11:07:716		Sended ip:192.168.1.2
07.04.2020 22:11:07:726		Person package got
07.04.2020 22:11:07:754		Ini package sended
07.04.2020 22:11:07:815		Addres added
07.04.2020 22:11:07:820		Person list got
07.04.2020 22:11:10:279		Person sended to all users
07.04.2020 22:11:11:54		Person sended to all users
07.04.2020 22:11:11:179		Person sended to all users
07.04.2020 22:11:11:414		Person sended to all users
07.04.2020 22:11:11:630		Person sended to all users
07.04.2020 22:11:11:765		Person sended to all users
07.04.2020 22:11:12:107		Person sended to all users
07.04.2020 22:11:12:298		Person sended to all users
07.04.2020 22:11:12:436		Person sended to all users
07.04.2020 22:11:12:499		Person sended to all users
07.04.2020 22:11:12:602		Person sended to all users
07.04.2020 22:11:13:222		Person sended to all users
07.04.2020 22:11:15:746		Person sended to all users
07.04.2020 22:11:15:937		Person sended to all users
07.04.2020 22:11:16:129		Person sended to all users
07.04.2020 22:11:17:563		Person package got
07.04.2020 22:11:17:782		Person package got
07.04.2020 22:11:18:51		Person package got
07.04.2020 22:11:18:287		Person package got
07.04.2020 22:11:18:416		Person package got
07.04.2020 22:11:18:515		Person package got
07.04.2020 22:11:18:825		Person package got
07.04.2020 22:11:20:530		Person package got
07.04.2020 22:11:20:543		Bullet package got
07.04.2020 22:11:22:779		Person package got
07.04.2020 22:11:22:807		Bullet package got
07.04.2020 22:11:23:480		Person package got
07.04.2020 22:11:24:49		Person package got
07.04.2020 22:11:24:82		Bullet package got
07.04.2020 22:11:24:872		Person sended to all users
07.04.2020 22:11:26:221		Person sended to all users
07.04.2020 22:11:26:453		Person sended to all users
07.04.2020 22:11:26:796		Person sended to all users
07.04.2020 22:11:26:975		Person sended to all users
07.04.2020 22:11:27:947		Person sended to all users
07.04.2020 22:11:28:900		Person sended to all users
07.04.2020 22:11:29:146		Person sended to all users
07.04.2020 22:11:29:623		Person sended to all users
07.04.2020 22:11:30:706		Person sended to all users
07.04.2020 22:11:30:728		Person sended to all users
07.04.2020 22:11:30:733		Person sended to all users
07.04.2020 22:11:39:980		Person sended to all users
07.04.2020 22:11:44:293		Person sended to all users
07.04.2020 22:11:45:562		Person sended to all users
07.04.2020 22:11:54:704		Person sended to all users
07.04.2020 22:11:57:709		Person sended to all users
07.04.2020 22:12:00:205		Person sended to all users
07.04.2020 22:12:04:130		Person sended to all users
07.04.2020 22:12:06:289		Person sended to all users
07.04.2020 22:12:08:778		Person sended to all users
07.04.2020 22:12:10:315		Person sended to all users
07.04.2020 22:12:11:816		Person sended to all users
07.04.2020 22:12:14:787		Person sended to all users
07.04.2020 22:12:16:778		Person sended to all users
07.04.2020 22:12:17:178		Person sended to all users
07.04.2020 22:12:19:304		Person sended to all users
07.04.2020 22:12:20:85		Person sended to all users
07.04.2020 22:12:21:16		Person sended to all users
07.04.2020 22:12:23:140		Person sended to all users
07.04.2020 22:12:24:339		Person sended to all users
07.04.2020 22:12:25:617		Person sended to all users
07.04.2020 22:12:26:546		Person sended to all users
07.04.2020 22:12:27:188		Person sended to all users
07.04.2020 22:12:28:42		Person sended to all users
07.04.2020 22:12:28:837		Person sended to all users
07.04.2020 22:12:29:472		Person sended to all users
07.04.2020 22:12:29:909		Person sended to all users
07.04.2020 22:12:30:185		Person sended to all users
07.04.2020 22:12:30:419		Person sended to all users
07.04.2020 22:12:31:19		Person sended to all users
07.04.2020 22:12:31:242		Person sended to all users
07.04.2020 22:12:31:457		Person sended to all users
07.04.2020 22:12:31:655		Person sended to all users
07.04.2020 22:12:31:878		Person sended to all users
07.04.2020 22:12:32:72		Person sended to all users
07.04.2020 22:12:32:260		Person sended to all users
07.04.2020 22:12:32:469		Person sended to all users
07.04.2020 22:12:32:649		Person sended to all users
07.04.2020 22:12:32:859		Person sended to all users
07.04.2020 22:12:33:405		Person sended to all users
07.04.2020 22:12:33:420		Person sended to all users
07.04.2020 22:12:34:386		Person sended to all users
07.04.2020 22:12:34:487		Person sended to all users
07.04.2020 22:12:34:599		Person sended to all users
07.04.2020 22:12:34:701		Person sended to all users
07.04.2020 22:12:34:813		Person sended to all users
07.04.2020 22:12:34:915		Person sended to all users
07.04.2020 22:12:35:23		Person sended to all users
07.04.2020 22:12:35:127		Person sended to all users
07.04.2020 22:12:35:239		Person sended to all users
07.04.2020 22:12:35:345		Person sended to all users
07.04.2020 22:12:35:458		Person sended to all users
07.04.2020 22:12:36:157		Person sended to all users
07.04.2020 22:12:36:171		Person sended to all users
07.04.2020 22:12:36:195		Person sended to all users
07.04.2020 22:12:36:210		Person sended to all users
07.04.2020 22:12:36:233		Person sended to all users
07.04.2020 22:12:36:249		Person sended to all users
07.04.2020 22:12:36:275		Person sended to all users
07.04.2020 22:12:36:305		Person sended to all users
07.04.2020 22:12:36:408		Person sended to all users
07.04.2020 22:12:36:517		Person sended to all users
07.04.2020 22:12:36:621		Person sended to all users
07.04.2020 22:12:36:729		Person sended to all users
07.04.2020 22:12:36:837		Person sended to all users
07.04.2020 22:12:36:944		Person sended to all users
07.04.2020 22:12:37:47		Person sended to all users
07.04.2020 22:12:37:157		Person sended to all users
07.04.2020 22:12:37:264		Person sended to all users
07.04.2020 22:12:37:377		Person sended to all users
07.04.2020 22:12:37:475		Person sended to all users
07.04.2020 22:12:37:583		Person sended to all users
07.04.2020 22:12:37:689		Person sended to all users
07.04.2020 22:12:37:800		Person sended to all users
07.04.2020 22:12:37:911		Person sended to all users
07.04.2020 22:12:38:10		Person sended to all users
07.04.2020 22:12:38:117		Person sended to all users
07.04.2020 22:12:38:223		Person sended to all users
07.04.2020 22:12:39:23		Person sended to all users
07.04.2020 22:12:39:38		Person sended to all users
07.04.2020 22:12:39:64		Person sended to all users
07.04.2020 22:12:39:80		Person sended to all users
07.04.2020 22:12:39:105		Person sended to all users
07.04.2020 22:12:39:121		Person sended to all users
07.04.2020 22:12:39:143		Person sended to all users
07.04.2020 22:12:39:158		Person sended to all users
07.04.2020 22:12:39:181		Person sended to all users
07.04.2020 22:12:39:292		Person sended to all users
07.04.2020 22:12:39:393		Person sended to all users
07.04.2020 22:12:39:502		Person sended to all users
07.04.2020 22:12:39:610		Person sended to all users
07.04.2020 22:13:25:4		Connect waiter start
07.04.2020 22:13:25:8		TCP Connect waiter start
07.04.2020 22:13:26:192		Sended ip:192.168.1.2
07.04.2020 22:13:26:204		Person package got
07.04.2020 22:13:26:231		Ini package sended
07.04.2020 22:13:26:256		Addres added
07.04.2020 22:13:26:262		Addres added
07.04.2020 22:13:26:266		Addres added
07.04.2020 22:13:26:270		Person list got
07.04.2020 22:13:48:827		Person sended to all users
07.04.2020 22:13:49:322		Person sended to all users
07.04.2020 22:13:49:432		Person sended to all users
07.04.2020 22:13:49:830		Person sended to all users
07.04.2020 22:13:49:850		Person sended to all users
07.04.2020 22:13:49:908		Person sended to all users
07.04.2020 22:13:50:211		Person sended to all users
07.04.2020 22:13:50:294		Person sended to all users
07.04.2020 22:13:50:411		Person sended to all users
07.04.2020 22:13:50:466		Person sended to all users
07.04.2020 22:13:51:90		Person sended to all users
07.04.2020 22:13:51:95		Person sended to all users
07.04.2020 22:13:51:111		Person sended to all users
07.04.2020 22:13:52:494		Person package got
07.04.2020 22:13:52:776		Person package got
07.04.2020 22:13:54:14		Person package got
07.04.2020 22:13:54:533		Person package got
07.04.2020 22:13:54:542		Bullet package got
07.04.2020 22:13:55:258		Person package got
07.04.2020 22:13:56:562		Person package got
07.04.2020 22:14:00:200		Person package got
07.04.2020 22:14:00:217		Bullet package got
07.04.2020 22:14:02:111		Person package got
07.04.2020 22:14:02:124		Bullet package got
07.04.2020 22:14:03:467		Person package got
07.04.2020 22:14:04:709		Person package got
07.04.2020 22:14:05:412		Person package got
07.04.2020 22:14:06:78		Person package got
07.04.2020 22:14:10:998		Person package got
07.04.2020 22:14:13:464		Person package got
07.04.2020 22:14:15:652		Person package got
07.04.2020 22:14:27:354		Person package got
07.04.2020 22:14:28:580		Person package got
07.04.2020 22:14:29:96		Person package got
07.04.2020 22:14:29:486		Person package got
07.04.2020 22:14:31:363		Person package got
07.04.2020 22:14:31:374		Bullet package got
07.04.2020 22:14:43:466		Person package got
07.04.2020 22:14:43:475		Bullet package got
07.04.2020 22:14:45:916		Person package got
07.04.2020 22:14:47:163		Person package got
07.04.2020 22:14:49:415		Person package got
07.04.2020 22:14:50:432		Person package got
07.04.2020 22:14:50:494		Bullet package got
07.04.2020 22:14:51:660		Person package got
07.04.2020 22:14:51:684		Bullet package got
07.04.2020 22:17:16:366		Connect waiter start
07.04.2020 22:17:16:369		TCP Connect waiter start
07.04.2020 22:17:18:921		Person sended to all users
07.04.2020 22:17:19:870		Person sended to all users
07.04.2020 22:17:20:157		Person sended to all users
07.04.2020 22:17:20:393		Person sended to all users
07.04.2020 22:17:20:619		Person sended to all users
07.04.2020 22:17:20:847		Person sended to all users
07.04.2020 22:17:21:508		Person sended to all users
07.04.2020 22:17:21:894		Person sended to all users
07.04.2020 22:17:25:182		Connect waiter dispose
07.04.2020 22:17:25:186		Person list got
07.04.2020 22:17:25:192		TCP Connect waiter dispose
07.04.2020 22:19:35:243		Connect waiter start
07.04.2020 22:19:35:246		TCP Connect waiter start
07.04.2020 22:19:38:538		Person sended to all users
07.04.2020 22:19:39:469		Person sended to all users
07.04.2020 22:19:39:776		Person sended to all users
07.04.2020 22:19:39:978		Person sended to all users
07.04.2020 22:19:40:163		Person sended to all users
07.04.2020 22:19:42:383		Connect waiter dispose
07.04.2020 22:19:42:389		Person list got
07.04.2020 22:19:42:396		TCP Connect waiter dispose
